\BOOKMARK [1][-]{section.1}{\376\377\004\022\004\062\004\065\004\064\004\065\004\075\004\070\004\065}{}% 1
\BOOKMARK [1][-]{section.2}{\376\377\004\042\004\065\004\076\004\100\004\065\004\102\004\070\004\107\004\065\004\101\004\072\004\060\004\117\000\040\004\107\004\060\004\101\004\102\004\114}{}% 2
\BOOKMARK [1][-]{section.3}{\376\377\004\041\004\077\004\070\004\101\004\076\004\072\000\040\004\115\004\072\004\101\004\077\004\065\004\100\004\070\004\074\004\065\004\075\004\102\004\076\004\062}{}% 3
\BOOKMARK [2][-]{subsection.3.1}{\376\377\004\055\004\072\004\101\004\077\004\065\004\100\004\070\004\074\004\065\004\075\004\102\000\040\0000\000.\000\040\004\020\004\075\004\060\004\073\004\070\004\067\000\040\004\060\004\075\004\060\004\073\004\070\004\102\004\070\004\107\004\065\004\101\004\072\004\076\004\071\000\040\004\070\000\040\004\100\004\060\004\067\004\075\004\076\004\101\004\102\004\075\004\076\004\071\000\040\004\104\004\076\004\100\004\074\004\103\004\073\004\113\000\040\004\063\004\100\004\060\004\064\004\070\004\065\004\075\004\102\004\060\000\040\004\064\004\073\004\117\000\040\004\073\004\076\004\063\004\070\004\101\004\102\004\070\004\107\004\065\004\101\004\072\004\076\004\071\000\040\004\100\004\065\004\063\004\100\004\065\004\101\004\101\004\070\004\070\000.}{section.3}% 4
\BOOKMARK [3][-]{subsubsection.3.1.1}{\376\377\004\024\004\070\004\067\004\060\004\071\004\075\000\040\004\115\004\072\004\101\004\077\004\065\004\100\004\070\004\074\004\065\004\075\004\102\004\060}{subsection.3.1}% 5
\BOOKMARK [3][-]{subsubsection.3.1.2}{\376\377\004\040\004\065\004\067\004\103\004\073\004\114\004\102\004\060\004\102\004\113\000\040\004\115\004\072\004\101\004\077\004\065\004\100\004\070\004\074\004\065\004\075\004\102\004\060}{subsection.3.1}% 6
\BOOKMARK [3][-]{subsubsection.3.1.3}{\376\377\004\022\004\113\004\062\004\076\004\064\004\113\000\040\004\115\004\072\004\101\004\077\004\065\004\100\004\070\004\074\004\065\004\075\004\102\004\060}{subsection.3.1}% 7
\BOOKMARK [2][-]{subsection.3.2}{\376\377\004\055\004\072\004\101\004\077\004\065\004\100\004\070\004\074\004\065\004\075\004\102\000\040\0001\000.\000\040\004\020\004\075\004\060\004\073\004\070\004\067\000\040\004\076\004\077\004\102\004\070\004\074\004\060\004\073\004\114\004\075\004\113\004\105\000\040\004\077\004\060\004\100\004\060\004\074\004\065\004\102\004\100\004\076\004\062\000\040\004\064\004\073\004\117\000\040\000G\000D\000.}{section.3}% 8
\BOOKMARK [3][-]{subsubsection.3.2.1}{\376\377\004\024\004\070\004\067\004\060\004\071\004\075\000\040\004\115\004\072\004\101\004\077\004\065\004\100\004\070\004\074\004\065\004\075\004\102\004\060}{subsection.3.2}% 9
\BOOKMARK [3][-]{subsubsection.3.2.2}{\376\377\004\040\004\065\004\067\004\103\004\073\004\114\004\102\004\060\004\102\004\113\000\040\004\115\004\072\004\101\004\077\004\065\004\100\004\070\004\074\004\065\004\075\004\102\004\060}{subsection.3.2}% 10
\BOOKMARK [3][-]{subsubsection.3.2.3}{\376\377\004\022\004\113\004\062\004\076\004\064\004\113\000\040\004\115\004\072\004\101\004\077\004\065\004\100\004\070\004\074\004\065\004\075\004\102\004\060}{subsection.3.2}% 11
\BOOKMARK [2][-]{subsection.3.3}{\376\377\004\055\004\072\004\101\004\077\004\065\004\100\004\070\004\074\004\065\004\075\004\102\000\040\0002\000.\000\040\004\020\004\075\004\060\004\073\004\070\004\067\000\040\004\076\004\077\004\102\004\070\004\074\004\060\004\073\004\114\004\075\004\113\004\105\000\040\004\077\004\060\004\100\004\060\004\074\004\065\004\102\004\100\004\076\004\062\000\040\004\064\004\073\004\117\000\040\000S\000G\000D\000.}{section.3}% 12
\BOOKMARK [3][-]{subsubsection.3.3.1}{\376\377\004\024\004\070\004\067\004\060\004\071\004\075\000\040\004\115\004\072\004\101\004\077\004\065\004\100\004\070\004\074\004\065\004\075\004\102\004\060}{subsection.3.3}% 13
\BOOKMARK [3][-]{subsubsection.3.3.2}{\376\377\004\040\004\065\004\067\004\103\004\073\004\114\004\102\004\060\004\102\004\113\000\040\004\115\004\072\004\101\004\077\004\065\004\100\004\070\004\074\004\065\004\075\004\102\004\060}{subsection.3.3}% 14
\BOOKMARK [3][-]{subsubsection.3.3.3}{\376\377\004\022\004\113\004\062\004\076\004\064\004\113\000\040\004\115\004\072\004\101\004\077\004\065\004\100\004\070\004\074\004\065\004\075\004\102\004\060}{subsection.3.3}% 15
\BOOKMARK [2][-]{subsection.3.4}{\376\377\004\055\004\072\004\101\004\077\004\065\004\100\004\070\004\074\004\065\004\075\004\102\000\040\0003\000.\000\040\004\041\004\100\004\060\004\062\004\075\004\065\004\075\004\070\004\065\000\040\000S\000G\000D\000\040\004\070\000\040\000G\000D\000.}{section.3}% 16
\BOOKMARK [3][-]{subsubsection.3.4.1}{\376\377\004\024\004\070\004\067\004\060\004\071\004\075\000\040\004\115\004\072\004\101\004\077\004\065\004\100\004\070\004\074\004\065\004\075\004\102\004\060}{subsection.3.4}% 17
\BOOKMARK [3][-]{subsubsection.3.4.2}{\376\377\004\040\004\065\004\067\004\103\004\073\004\114\004\102\004\060\004\102\004\113\000\040\004\115\004\072\004\101\004\077\004\065\004\100\004\070\004\074\004\065\004\075\004\102\004\060}{subsection.3.4}% 18
\BOOKMARK [3][-]{subsubsection.3.4.3}{\376\377\004\022\004\113\004\062\004\076\004\064\004\113\000\040\004\115\004\072\004\101\004\077\004\065\004\100\004\070\004\074\004\065\004\075\004\102\004\060}{subsection.3.4}% 19
\BOOKMARK [2][-]{subsection.3.5}{\376\377\004\055\004\072\004\101\004\077\004\065\004\100\004\070\004\074\004\065\004\075\004\102\000\040\0004\000.\000\040\004\037\004\100\004\065\004\064\004\076\004\061\004\100\004\060\004\061\004\076\004\102\004\072\004\060\000\040\004\072\004\076\004\100\004\077\004\103\004\101\004\060\000\040\004\070\000\040\004\065\004\065\000\040\004\062\004\073\004\070\004\117\004\075\004\070\004\065\000\040\004\075\004\060\000\040\004\072\004\060\004\107\004\065\004\101\004\102\004\062\004\076\000\040\004\074\004\076\004\064\004\065\004\073\004\070\000.}{section.3}% 20
\BOOKMARK [3][-]{subsubsection.3.5.1}{\376\377\004\024\004\070\004\067\004\060\004\071\004\075\000\040\004\115\004\072\004\101\004\077\004\065\004\100\004\070\004\074\004\065\004\075\004\102\004\060}{subsection.3.5}% 21
\BOOKMARK [3][-]{subsubsection.3.5.2}{\376\377\004\040\004\065\004\067\004\103\004\073\004\114\004\102\004\060\004\102\004\113\000\040\004\115\004\072\004\101\004\077\004\065\004\100\004\070\004\074\004\065\004\075\004\102\004\060}{subsection.3.5}% 22
\BOOKMARK [3][-]{subsubsection.3.5.3}{\376\377\004\022\004\113\004\062\004\076\004\064\004\113\000\040\004\115\004\072\004\101\004\077\004\065\004\100\004\070\004\074\004\065\004\075\004\102\004\060}{subsection.3.5}% 23
\BOOKMARK [2][-]{subsection.3.6}{\376\377\004\055\004\072\004\101\004\077\004\065\004\100\004\070\004\074\004\065\004\075\004\102\000\040\0005\000.\000\040\004\022\004\065\004\072\004\102\004\076\004\100\004\070\004\067\004\060\004\106\004\070\004\117\000\040\004\102\004\065\004\072\004\101\004\102\004\076\004\062\000.\000\040\004\022\004\113\004\061\004\076\004\100\000\040\004\077\004\060\004\100\004\060\004\074\004\065\004\102\004\100\004\076\004\062\000\040\000m\000i\000n\000\137\000d\000f\000\040\004\070\000\040\000m\000a\000x\000\137\000d\000f}{section.3}% 24
\BOOKMARK [3][-]{subsubsection.3.6.1}{\376\377\004\024\004\070\004\067\004\060\004\071\004\075\000\040\004\115\004\072\004\101\004\077\004\065\004\100\004\070\004\074\004\065\004\075\004\102\004\060}{subsection.3.6}% 25
\BOOKMARK [3][-]{subsubsection.3.6.2}{\376\377\004\040\004\065\004\067\004\103\004\073\004\114\004\102\004\060\004\102\004\113\000\040\004\115\004\072\004\101\004\077\004\065\004\100\004\070\004\074\004\065\004\075\004\102\004\060}{subsection.3.6}% 26
\BOOKMARK [3][-]{subsubsection.3.6.3}{\376\377\004\022\004\113\004\062\004\076\004\064\004\113\000\040\004\115\004\072\004\101\004\077\004\065\004\100\004\070\004\074\004\065\004\075\004\102\004\060}{subsection.3.6}% 27
\BOOKMARK [2][-]{subsection.3.7}{\376\377\004\055\004\072\004\101\004\077\004\065\004\100\004\070\004\074\004\065\004\075\004\102\000\040\0006\000.\000\040\000\240\004\033\004\103\004\107\004\110\004\070\004\071\000\040\004\060\004\073\004\063\004\076\004\100\004\070\004\102\004\074\000.\000\040\004\020\004\075\004\060\004\073\004\070\004\067\000\040\004\076\004\110\004\070\004\061\004\076\004\072\000\040\004\060\004\073\004\063\004\076\004\100\004\070\004\102\004\074\004\060\000.}{section.3}% 28
\BOOKMARK [3][-]{subsubsection.3.7.1}{\376\377\004\024\004\070\004\067\004\060\004\071\004\075\000\040\004\115\004\072\004\101\004\077\004\065\004\100\004\070\004\074\004\065\004\075\004\102\004\060}{subsection.3.7}% 29
\BOOKMARK [3][-]{subsubsection.3.7.2}{\376\377\004\040\004\065\004\067\004\103\004\073\004\114\004\102\004\060\004\102\004\113\000\040\004\115\004\072\004\101\004\077\004\065\004\100\004\070\004\074\004\065\004\075\004\102\004\060}{subsection.3.7}% 30
\BOOKMARK [3][-]{subsubsection.3.7.3}{\376\377\004\022\004\113\004\062\004\076\004\064\004\113\000\040\004\115\004\072\004\101\004\077\004\065\004\100\004\070\004\074\004\065\004\075\004\102\004\060}{subsection.3.7}% 31
\BOOKMARK [1][-]{section.4}{\376\377\004\036\004\061\004\111\004\070\004\065\000\040\004\062\004\113\004\062\004\076\004\064\004\113}{}% 32
\BOOKMARK [1][-]{section.5}{\376\377\004\037\004\100\004\070\004\073\004\076\004\066\004\065\004\075\004\070\004\065\000\040\004\020\000.\000\040\004\023\004\100\004\060\004\064\004\070\004\065\004\075\004\102\004\075\004\113\004\071\000\040\004\101\004\077\004\103\004\101\004\072\000.}{}% 33
\BOOKMARK [1][-]{section.6}{\376\377\004\037\004\100\004\070\004\073\004\076\004\066\004\065\004\075\004\070\004\065\000\040\004\021\000.\000\040\004\041\004\102\004\076\004\105\004\060\004\101\004\102\004\070\004\107\004\065\004\101\004\072\004\070\004\071\000\040\004\063\004\100\004\060\004\064\004\070\004\065\004\075\004\102\004\075\004\113\004\071\000\040\004\101\004\077\004\103\004\101\004\072\000.}{}% 34
